<?xml version="1.0" encoding="UTF-8"?>
<!-- Generated by org.testng.reporters.JUnitXMLReporter -->
<testsuite hostname="master" ignored="0" name="WebDriver" tests="1" failures="0" timestamp="16 Oct 2018 10:09:42 GMT" time="0.277" errors="0">
  <testcase name="@BeforeMethod beforeMethod" time="0.206" classname="Website_test.NewTest">
    <failure type="java.lang.IllegalStateException" message="The driver is not executable: /home/edureka/eclipse-workspace/Selenium_Website/geckodriver">
      <![CDATA[java.lang.IllegalStateException: The driver is not executable: /home/edureka/eclipse-workspace/Selenium_Website/geckodriver
at com.google.common.base.Preconditions.checkState(Preconditions.java:585)
at org.openqa.selenium.remote.service.DriverService.checkExecutable(DriverService.java:141)
at org.openqa.selenium.remote.service.DriverService.findExecutable(DriverService.java:132)
at org.openqa.selenium.firefox.GeckoDriverService.access$100(GeckoDriverService.java:43)
at org.openqa.selenium.firefox.GeckoDriverService$Builder.findDefaultExecutable(GeckoDriverService.java:168)
at org.openqa.selenium.remote.service.DriverService$Builder.build(DriverService.java:346)
at org.openqa.selenium.firefox.FirefoxDriver.toExecutor(FirefoxDriver.java:168)
at org.openqa.selenium.firefox.FirefoxDriver.<init>(FirefoxDriver.java:125)
at org.openqa.selenium.firefox.FirefoxDriver.<init>(FirefoxDriver.java:103)
at Website_test.NewTest.beforeMethod(NewTest.java:29)
... Removed 28 stack frames]]>
    </failure>
  </testcase> <!-- @BeforeMethod beforeMethod -->
  <testcase name="verifyuser" time="0.0" classname="Website_test.NewTest">
    <skipped/>
  </testcase> <!-- verifyuser -->
</testsuite> <!-- WebDriver -->
